# JRE version: Java(TM) SE Runtime Environment (20.0.1+9) (build 20.0.1+9-29)
# Java VM: Java HotSpot(TM) 64-Bit Server VM (20.0.1+9-29, mixed mode, sharing, tiered, compressed oops, compressed class ptrs, g1 gc, windows-amd64)
GC Precious Log:
 CardTable entry size: 512
 Card Set container configuration: InlinePtr #cards 4 size 8 Array Of Cards #cards 64 size 144 Howl #buckets 8 coarsen threshold 14745 Howl Bitmap #cards 2048 size 272 coarsen threshold 1843 Card regions per heap region 1 cards per card region 16384
 CPUs: 12 total, 12 available
 Memory: 16328M
 Large Page Support: Disabled
 NUMA Support: Disabled
 Compressed Oops: Enabled (Zero based)
 Heap Region Size: 8M
 Heap Min Capacity: 1G
 Heap Initial Capacity: 1G
 Heap Max Capacity: 4G
 Pre-touch: Enabled
 Parallel Workers: 10
 Concurrent Workers: 3
 Concurrent Refinement Workers: 10
 Periodic GC: Disabled
Heap:
 garbage-first heap   total 3604480K, used 2722436K [0x0000000700000000, 0x0000000800000000)
  region size 8192K, 136 young (1114112K), 6 survivors (49152K)
 Metaspace       used 130474K, committed 131840K, reserved 1179648K
  class space    used 18217K, committed 18816K, reserved 1048576K
GC Heap History (20 events):
Event: 8252.443 GC heap before
{Heap before GC invocations=608 (full 0):
 garbage-first heap   total 3604480K, used 3077302K [0x0000000700000000, 0x0000000800000000)
  region size 8192K, 177 young (1449984K), 6 survivors (49152K)
 Metaspace       used 130231K, committed 131520K, reserved 1179648K
  class space    used 18192K, committed 18752K, reserved 1048576K
}
Event: 8252.491 GC heap after
{Heap after GC invocations=609 (full 0):
 garbage-first heap   total 3604480K, used 1695588K [0x0000000700000000, 0x0000000800000000)
  region size 8192K, 6 young (49152K), 6 survivors (49152K)
 Metaspace       used 130231K, committed 131520K, reserved 1179648K
  class space    used 18192K, committed 18752K, reserved 1048576K
}
Event: 8265.309 GC heap before
{Heap before GC invocations=609 (full 0):
 garbage-first heap   total 3604480K, used 3080036K [0x0000000700000000, 0x0000000800000000)
  region size 8192K, 176 young (1441792K), 6 survivors (49152K)
 Metaspace       used 130232K, committed 131520K, reserved 1179648K
  class space    used 18192K, committed 18752K, reserved 1048576K
}
Event: 8265.328 GC heap after
{Heap after GC invocations=610 (full 0):
 garbage-first heap   total 3604480K, used 1737470K [0x0000000700000000, 0x0000000800000000)
  region size 8192K, 5 young (40960K), 5 survivors (40960K)
 Metaspace       used 130232K, committed 131520K, reserved 1179648K
  class space    used 18192K, committed 18752K, reserved 1048576K
}
Event: 8281.651 GC heap before
{Heap before GC invocations=611 (full 0):
 garbage-first heap   total 3604480K, used 3138302K [0x0000000700000000, 0x0000000800000000)
  region size 8192K, 176 young (1441792K), 5 survivors (40960K)
 Metaspace       used 130244K, committed 131520K, reserved 1179648K
  class space    used 18194K, committed 18752K, reserved 1048576K
}
Event: 8281.670 GC heap after
{Heap after GC invocations=612 (full 0):
 garbage-first heap   total 3604480K, used 1779654K [0x0000000700000000, 0x0000000800000000)
  region size 8192K, 6 young (49152K), 6 survivors (49152K)
 Metaspace       used 130244K, committed 131520K, reserved 1179648K
  class space    used 18194K, committed 18752K, reserved 1048576K
}
Event: 8288.315 GC heap before
{Heap before GC invocations=612 (full 0):
 garbage-first heap   total 3604480K, used 3172294K [0x0000000700000000, 0x0000000800000000)
  region size 8192K, 176 young (1441792K), 6 survivors (49152K)
 Metaspace       used 130244K, committed 131520K, reserved 1179648K
  class space    used 18194K, committed 18752K, reserved 1048576K
}
Event: 8288.355 GC heap after
{Heap after GC invocations=613 (full 0):
 garbage-first heap   total 3604480K, used 1699499K [0x0000000700000000, 0x0000000800000000)
  region size 8192K, 6 young (49152K), 6 survivors (49152K)
 Metaspace       used 130244K, committed 131520K, reserved 1179648K
  class space    used 18194K, committed 18752K, reserved 1048576K
}
Event: 8298.330 GC heap before
{Heap before GC invocations=613 (full 0):
 garbage-first heap   total 3604480K, used 3092139K [0x0000000700000000, 0x0000000800000000)
  region size 8192K, 176 young (1441792K), 6 survivors (49152K)
 Metaspace       used 130244K, committed 131520K, reserved 1179648K
  class space    used 18194K, committed 18752K, reserved 1048576K
}
Event: 8298.350 GC heap after
{Heap after GC invocations=614 (full 0):
 garbage-first heap   total 3604480K, used 1747993K [0x0000000700000000, 0x0000000800000000)
  region size 8192K, 6 young (49152K), 6 survivors (49152K)
 Metaspace       used 130244K, committed 131520K, reserved 1179648K
  class space    used 18194K, committed 18752K, reserved 1048576K
}
Event: 8307.675 GC heap before
{Heap before GC invocations=615 (full 0):
 garbage-first heap   total 3604480K, used 3140633K [0x0000000700000000, 0x0000000800000000)
  region size 8192K, 177 young (1449984K), 6 survivors (49152K)
 Metaspace       used 130245K, committed 131520K, reserved 1179648K
  class space    used 18194K, committed 18752K, reserved 1048576K
}
Event: 8307.692 GC heap after
{Heap after GC invocations=616 (full 0):
 garbage-first heap   total 3604480K, used 1780308K [0x0000000700000000, 0x0000000800000000)
  region size 8192K, 5 young (40960K), 5 survivors (40960K)
 Metaspace       used 130245K, committed 131520K, reserved 1179648K
  class space    used 18194K, committed 18752K, reserved 1048576K
}
Event: 8319.447 GC heap before
{Heap before GC invocations=616 (full 0):
 garbage-first heap   total 3604480K, used 3181140K [0x0000000700000000, 0x0000000800000000)
  region size 8192K, 176 young (1441792K), 5 survivors (40960K)
 Metaspace       used 130250K, committed 131520K, reserved 1179648K
  class space    used 18194K, committed 18752K, reserved 1048576K
}
Event: 8319.493 GC heap after
{Heap after GC invocations=617 (full 0):
 garbage-first heap   total 3604480K, used 1691677K [0x0000000700000000, 0x0000000800000000)
  region size 8192K, 3 young (24576K), 3 survivors (24576K)
 Metaspace       used 130250K, committed 131520K, reserved 1179648K
  class space    used 18194K, committed 18752K, reserved 1048576K
}
Event: 8336.267 GC heap before
{Heap before GC invocations=617 (full 0):
 garbage-first heap   total 3604480K, used 3108893K [0x0000000700000000, 0x0000000800000000)
  region size 8192K, 176 young (1441792K), 3 survivors (24576K)
 Metaspace       used 130272K, committed 131584K, reserved 1179648K
  class space    used 18194K, committed 18752K, reserved 1048576K
}
Event: 8336.285 GC heap after
{Heap after GC invocations=618 (full 0):
 garbage-first heap   total 3604480K, used 1706273K [0x0000000700000000, 0x0000000800000000)
  region size 8192K, 2 young (16384K), 2 survivors (16384K)
 Metaspace       used 130272K, committed 131584K, reserved 1179648K
  class space    used 18194K, committed 18752K, reserved 1048576K
}
Event: 8354.074 GC heap before
{Heap before GC invocations=619 (full 0):
 garbage-first heap   total 3604480K, used 3115297K [0x0000000700000000, 0x0000000800000000)
  region size 8192K, 176 young (1441792K), 2 survivors (16384K)
 Metaspace       used 130278K, committed 131584K, reserved 1179648K
  class space    used 18194K, committed 18752K, reserved 1048576K
}
Event: 8354.088 GC heap after
{Heap after GC invocations=620 (full 0):
 garbage-first heap   total 3604480K, used 1719437K [0x0000000700000000, 0x0000000800000000)
  region size 8192K, 3 young (24576K), 3 survivors (24576K)
 Metaspace       used 130278K, committed 131584K, reserved 1179648K
  class space    used 18194K, committed 18752K, reserved 1048576K
}
Event: 8360.883 GC heap before
{Heap before GC invocations=620 (full 0):
 garbage-first heap   total 3604480K, used 3136653K [0x0000000700000000, 0x0000000800000000)
  region size 8192K, 176 young (1441792K), 3 survivors (24576K)
 Metaspace       used 130280K, committed 131584K, reserved 1179648K
  class space    used 18194K, committed 18752K, reserved 1048576K
}
Event: 8360.926 GC heap after
{Heap after GC invocations=621 (full 0):
 garbage-first heap   total 3604480K, used 1665668K [0x0000000700000000, 0x0000000800000000)
  region size 8192K, 6 young (49152K), 6 survivors (49152K)
 Metaspace       used 130280K, committed 131584K, reserved 1179648K
  class space    used 18194K, committed 18752K, reserved 1048576K
}

